<?xml version="1.0" encoding="UTF-8"?>
<beans xmlns="http://www.springframework.org/schema/beans" xmlns:xsi="http://www.w3.org/2001/XMLSchema-instance"
	xmlns:context="http://www.springframework.org/schema/context" xmlns:mvc="http://www.springframework.org/schema/mvc"
	xsi:schemaLocation="http://www.springframework.org/schema/beans http://www.springframework.org/schema/beans/spring-beans-3.2.xsd
		http://www.springframework.org/schema/context http://www.springframework.org/schema/context/spring-context-3.2.xsd
		http://www.springframework.org/schema/mvc http://www.springframework.org/schema/mvc/spring-mvc-3.2.xsd">
	
	<!--
		Scans for beans and initializes all annotated ones in the given package.
	-->
	<context:component-scan base-package="nl.lumc.nanopub.store.api" />
	<!--
		Loads the .properties file. Contains just swagger configuration for now.
	-->
	<context:property-placeholder location="classpath:/local.properties" />
	
	<!--
		Enables the @Controller annotation, and all @RequestMapping/Param annotations.
	-->
	<mvc:annotation-driven>
		<!--
			1. Prevents the default message converters (.xml, .rss/atom, etc) from being registered.
			2. Registers the Spring default json converter. The json converter is configured to omit
				all null members from classes.
		-->
		<mvc:message-converters register-defaults="false">
			<bean class="org.springframework.http.converter.json.MappingJackson2HttpMessageConverter">
				<property name="objectMapper">
	                <bean class="com.fasterxml.jackson.databind.ObjectMapper">
	                    <property name="serializationInclusion" value="NON_NULL" />
	                </bean>
	            </property>
			</bean>
		</mvc:message-converters>
	</mvc:annotation-driven>
	
	<!--
		Enables static resources (javascript, images, css) to be served from the webapp root. The root
		is in this case src/main/webapp.
	-->
	<mvc:default-servlet-handler />
	
	<!--
		Enables controller method to return a string which will be resolved to a view. The view is
		mapped to the corresponding file in the src/main/webapp/WEB-INF/jsp/ folder.
	-->
	<bean class="org.springframework.web.servlet.view.InternalResourceViewResolver">
		<property name="prefix" value="/WEB-INF/jsp/" />
		<property name="suffix" value=".jsp" />
	</bean>
	
	<!--
		Swagger object. Uses the ExtensibilityModule and the swagger properties to generate the
		documentation at runtime.
	-->
	<bean id="documentationConfig" class="com.mangofactory.swagger.configuration.DocumentationConfig" />
</beans>